<?xml version="1.0" encoding="UTF-8"?>
<testng-results skipped="0" failed="0" ignored="0" total="1" passed="1">
  <reporter-output>
  </reporter-output>
  <suite name="Default suite" duration-ms="2261" started-at="2022-07-01T21:58:13 BST" finished-at="2022-07-01T21:58:15 BST">
    <groups>
    </groups>
    <test name="Default test" duration-ms="2261" started-at="2022-07-01T21:58:13 BST" finished-at="2022-07-01T21:58:15 BST">
      <class name="skill2Develop.com.apiim.postOrder">
        <test-method status="PASS" signature="test1()[pri:0, instance:skill2Develop.com.apiim.postOrder@57536d79]" name="test1" duration-ms="2224" started-at="2022-07-01T21:58:13 BST" finished-at="2022-07-01T21:58:15 BST">
          <reporter-output>
          </reporter-output>
        </test-method> <!-- test1 -->
      </class> <!-- skill2Develop.com.apiim.postOrder -->
    </test> <!-- Default test -->
  </suite> <!-- Default suite -->
</testng-results>
